  Abismo.cpp
C:\Users\Breno Abreu\Downloads\Projeto Larry's Challenge\Larry's Challenge C++\Larrys_Challenge_C++\Larrys_Challenge_C++\Abismo.cpp(10,32): warning C4244: '=': conversion from 'T' to 'T', possible loss of data
          with
          [
              T=float
          ]
          and
          [
              T=int
          ]
C:\Users\Breno Abreu\Downloads\Projeto Larry's Challenge\Larry's Challenge C++\Larrys_Challenge_C++\Larrys_Challenge_C++\Abismo.cpp(11,33): warning C4244: '=': conversion from 'T' to 'T', possible loss of data
          with
          [
              T=float
          ]
          and
          [
              T=int
          ]
C:\Users\Breno Abreu\Downloads\Projeto Larry's Challenge\Larry's Challenge C++\Larrys_Challenge_C++\Larrys_Challenge_C++\Abismo.cpp(12,103): warning C4244: 'argument': conversion from 'T' to 'T', possible loss of data
          with
          [
              T=float
          ]
          and
          [
              T=int
          ]
C:\Users\Breno Abreu\Downloads\Projeto Larry's Challenge\Larry's Challenge C++\Larrys_Challenge_C++\Larrys_Challenge_C++\Abismo.cpp(12,90): warning C4244: 'argument': conversion from 'T' to 'T', possible loss of data
          with
          [
              T=float
          ]
          and
          [
              T=int
          ]
  Atirador.cpp
C:\Users\Breno Abreu\Downloads\Projeto Larry's Challenge\Larry's Challenge C++\Larrys_Challenge_C++\Larrys_Challenge_C++\Atirador.cpp(25,36): warning C4244: '=': conversion from 'T' to 'T', possible loss of data
          with
          [
              T=float
          ]
          and
          [
              T=int
          ]
C:\Users\Breno Abreu\Downloads\Projeto Larry's Challenge\Larry's Challenge C++\Larrys_Challenge_C++\Larrys_Challenge_C++\Atirador.cpp(27,29): warning C4244: '=': conversion from 'T' to 'T', possible loss of data
          with
          [
              T=float
          ]
          and
          [
              T=int
          ]
C:\Users\Breno Abreu\Downloads\Projeto Larry's Challenge\Larry's Challenge C++\Larrys_Challenge_C++\Larrys_Challenge_C++\Atirador.cpp(29,29): warning C4244: '=': conversion from 'T' to 'T', possible loss of data
          with
          [
              T=float
          ]
          and
          [
              T=int
          ]
C:\Users\Breno Abreu\Downloads\Projeto Larry's Challenge\Larry's Challenge C++\Larrys_Challenge_C++\Larrys_Challenge_C++\Atirador.cpp(31,103): warning C4244: 'argument': conversion from 'T' to 'T', possible loss of data
          with
          [
              T=float
          ]
          and
          [
              T=int
          ]
C:\Users\Breno Abreu\Downloads\Projeto Larry's Challenge\Larry's Challenge C++\Larrys_Challenge_C++\Larrys_Challenge_C++\Atirador.cpp(31,90): warning C4244: 'argument': conversion from 'T' to 'T', possible loss of data
          with
          [
              T=float
          ]
          and
          [
              T=int
          ]
  Barreira.cpp
  Bau.cpp
C:\Users\Breno Abreu\Downloads\Projeto Larry's Challenge\Larry's Challenge C++\Larrys_Challenge_C++\Larrys_Challenge_C++\Bau.cpp(27,39): warning C4244: '=': conversion from 'T' to 'T', possible loss of data
          with
          [
              T=float
          ]
          and
          [
              T=int
          ]
C:\Users\Breno Abreu\Downloads\Projeto Larry's Challenge\Larry's Challenge C++\Larrys_Challenge_C++\Larrys_Challenge_C++\Bau.cpp(37,103): warning C4244: 'argument': conversion from 'T' to 'T', possible loss of data
          with
          [
              T=float
          ]
          and
          [
              T=int
          ]
C:\Users\Breno Abreu\Downloads\Projeto Larry's Challenge\Larry's Challenge C++\Larrys_Challenge_C++\Larrys_Challenge_C++\Bau.cpp(37,90): warning C4244: 'argument': conversion from 'T' to 'T', possible loss of data
          with
          [
              T=float
          ]
          and
          [
              T=int
          ]
  Botao.cpp
C:\Users\Breno Abreu\Downloads\Projeto Larry's Challenge\Larry's Challenge C++\Larrys_Challenge_C++\Larrys_Challenge_C++\Botao.cpp(34,36): warning C4244: '=': conversion from 'T' to 'T', possible loss of data
          with
          [
              T=float
          ]
          and
          [
              T=int
          ]
C:\Users\Breno Abreu\Downloads\Projeto Larry's Challenge\Larry's Challenge C++\Larrys_Challenge_C++\Larrys_Challenge_C++\Botao.cpp(36,103): warning C4244: 'argument': conversion from 'T' to 'T', possible loss of data
          with
          [
              T=float
          ]
          and
          [
              T=int
          ]
C:\Users\Breno Abreu\Downloads\Projeto Larry's Challenge\Larry's Challenge C++\Larrys_Challenge_C++\Larrys_Challenge_C++\Botao.cpp(36,90): warning C4244: 'argument': conversion from 'T' to 'T', possible loss of data
          with
          [
              T=float
          ]
          and
          [
              T=int
          ]
  Caixa.cpp
  Coluna.cpp
  Entidade.cpp
C:\Users\Breno Abreu\Downloads\Projeto Larry's Challenge\Larry's Challenge C++\Larrys_Challenge_C++\Larrys_Challenge_C++\Entidade.cpp(39,38): warning C4244: '=': conversion from 'T' to 'T', possible loss of data
          with
          [
              T=unsigned int
          ]
          and
          [
              T=float
          ]
C:\Users\Breno Abreu\Downloads\Projeto Larry's Challenge\Larry's Challenge C++\Larrys_Challenge_C++\Larrys_Challenge_C++\Entidade.cpp(40,38): warning C4244: '=': conversion from 'T' to 'T', possible loss of data
          with
          [
              T=unsigned int
          ]
          and
          [
              T=float
          ]
  Escada.cpp
C:\Users\Breno Abreu\Downloads\Projeto Larry's Challenge\Larry's Challenge C++\Larrys_Challenge_C++\Larrys_Challenge_C++\Escada.cpp(16,36): warning C4244: '=': conversion from 'T' to 'T', possible loss of data
          with
          [
              T=float
          ]
          and
          [
              T=int
          ]
C:\Users\Breno Abreu\Downloads\Projeto Larry's Challenge\Larry's Challenge C++\Larrys_Challenge_C++\Larrys_Challenge_C++\Escada.cpp(18,103): warning C4244: 'argument': conversion from 'T' to 'T', possible loss of data
          with
          [
              T=float
          ]
          and
          [
              T=int
          ]
C:\Users\Breno Abreu\Downloads\Projeto Larry's Challenge\Larry's Challenge C++\Larrys_Challenge_C++\Larrys_Challenge_C++\Escada.cpp(18,90): warning C4244: 'argument': conversion from 'T' to 'T', possible loss of data
          with
          [
              T=float
          ]
          and
          [
              T=int
          ]
  Espinhos.cpp
C:\Users\Breno Abreu\Downloads\Projeto Larry's Challenge\Larry's Challenge C++\Larrys_Challenge_C++\Larrys_Challenge_C++\Espinhos.cpp(25,39): warning C4244: '=': conversion from 'T' to 'T', possible loss of data
          with
          [
              T=float
          ]
          and
          [
              T=int
          ]
C:\Users\Breno Abreu\Downloads\Projeto Larry's Challenge\Larry's Challenge C++\Larrys_Challenge_C++\Larrys_Challenge_C++\Espinhos.cpp(42,103): warning C4244: 'argument': conversion from 'T' to 'T', possible loss of data
          with
          [
              T=float
          ]
          and
          [
              T=int
          ]
C:\Users\Breno Abreu\Downloads\Projeto Larry's Challenge\Larry's Challenge C++\Larrys_Challenge_C++\Larrys_Challenge_C++\Espinhos.cpp(42,90): warning C4244: 'argument': conversion from 'T' to 'T', possible loss of data
          with
          [
              T=float
          ]
          and
          [
              T=int
          ]
  Fase.cpp
  Flecha.cpp
  GerenciadorEntidades.cpp
  GerenciadorPersistencia.cpp
  Inimigo.cpp
  Interativo.cpp
  Interruptor.cpp
C:\Users\Breno Abreu\Downloads\Projeto Larry's Challenge\Larry's Challenge C++\Larrys_Challenge_C++\Larrys_Challenge_C++\Interruptor.cpp(31,36): warning C4244: '=': conversion from 'T' to 'T', possible loss of data
          with
          [
              T=float
          ]
          and
          [
              T=int
          ]
C:\Users\Breno Abreu\Downloads\Projeto Larry's Challenge\Larry's Challenge C++\Larrys_Challenge_C++\Larrys_Challenge_C++\Interruptor.cpp(33,103): warning C4244: 'argument': conversion from 'T' to 'T', possible loss of data
          with
          [
              T=float
          ]
          and
          [
              T=int
          ]
C:\Users\Breno Abreu\Downloads\Projeto Larry's Challenge\Larry's Challenge C++\Larrys_Challenge_C++\Larrys_Challenge_C++\Interruptor.cpp(33,90): warning C4244: 'argument': conversion from 'T' to 'T', possible loss of data
          with
          [
              T=float
          ]
          and
          [
              T=int
          ]
  Item.cpp
  Jogador.cpp
C:\Users\Breno Abreu\Downloads\Projeto Larry's Challenge\Larry's Challenge C++\Larrys_Challenge_C++\Larrys_Challenge_C++\Jogador.cpp(48,38): warning C4244: '=': conversion from 'T' to 'T', possible loss of data
          with
          [
              T=float
          ]
          and
          [
              T=int
          ]
C:\Users\Breno Abreu\Downloads\Projeto Larry's Challenge\Larry's Challenge C++\Larrys_Challenge_C++\Larrys_Challenge_C++\Jogador.cpp(55,31): warning C4244: '=': conversion from 'T' to 'T', possible loss of data
          with
          [
              T=float
          ]
          and
          [
              T=int
          ]
C:\Users\Breno Abreu\Downloads\Projeto Larry's Challenge\Larry's Challenge C++\Larrys_Challenge_C++\Larrys_Challenge_C++\Jogador.cpp(61,31): warning C4244: '=': conversion from 'T' to 'T', possible loss of data
          with
          [
              T=float
          ]
          and
          [
              T=int
          ]
C:\Users\Breno Abreu\Downloads\Projeto Larry's Challenge\Larry's Challenge C++\Larrys_Challenge_C++\Larrys_Challenge_C++\Jogador.cpp(67,31): warning C4244: '=': conversion from 'T' to 'T', possible loss of data
          with
          [
              T=float
          ]
          and
          [
              T=int
          ]
C:\Users\Breno Abreu\Downloads\Projeto Larry's Challenge\Larry's Challenge C++\Larrys_Challenge_C++\Larrys_Challenge_C++\Jogador.cpp(70,31): warning C4244: '=': conversion from 'T' to 'T', possible loss of data
          with
          [
              T=float
          ]
          and
          [
              T=int
          ]
C:\Users\Breno Abreu\Downloads\Projeto Larry's Challenge\Larry's Challenge C++\Larrys_Challenge_C++\Larrys_Challenge_C++\Jogador.cpp(73,31): warning C4244: '=': conversion from 'T' to 'T', possible loss of data
          with
          [
              T=float
          ]
          and
          [
              T=int
          ]
C:\Users\Breno Abreu\Downloads\Projeto Larry's Challenge\Larry's Challenge C++\Larrys_Challenge_C++\Larrys_Challenge_C++\Jogador.cpp(76,31): warning C4244: '=': conversion from 'T' to 'T', possible loss of data
          with
          [
              T=float
          ]
          and
          [
              T=int
          ]
C:\Users\Breno Abreu\Downloads\Projeto Larry's Challenge\Larry's Challenge C++\Larrys_Challenge_C++\Larrys_Challenge_C++\Jogador.cpp(98,38): warning C4244: '=': conversion from 'T' to 'T', possible loss of data
          with
          [
              T=float
          ]
          and
          [
              T=int
          ]
C:\Users\Breno Abreu\Downloads\Projeto Larry's Challenge\Larry's Challenge C++\Larrys_Challenge_C++\Larrys_Challenge_C++\Jogador.cpp(109,103): warning C4244: 'argument': conversion from 'T' to 'T', possible loss of data
          with
          [
              T=float
          ]
          and
          [
              T=int
          ]
C:\Users\Breno Abreu\Downloads\Projeto Larry's Challenge\Larry's Challenge C++\Larrys_Challenge_C++\Larrys_Challenge_C++\Jogador.cpp(109,90): warning C4244: 'argument': conversion from 'T' to 'T', possible loss of data
          with
          [
              T=float
          ]
          and
          [
              T=int
          ]
  LarrysChallenge.cpp
  Compiling...
  Letal.cpp
  ListaEntidades.cpp
  Menu.cpp
  Movimentador.cpp
C:\Users\Breno Abreu\Downloads\Projeto Larry's Challenge\Larry's Challenge C++\Larrys_Challenge_C++\Larrys_Challenge_C++\Movimentador.cpp(15,36): warning C4244: '=': conversion from 'T' to 'T', possible loss of data
          with
          [
              T=float
          ]
          and
          [
              T=int
          ]
C:\Users\Breno Abreu\Downloads\Projeto Larry's Challenge\Larry's Challenge C++\Larrys_Challenge_C++\Larrys_Challenge_C++\Movimentador.cpp(17,29): warning C4244: '=': conversion from 'T' to 'T', possible loss of data
          with
          [
              T=float
          ]
          and
          [
              T=int
          ]
C:\Users\Breno Abreu\Downloads\Projeto Larry's Challenge\Larry's Challenge C++\Larrys_Challenge_C++\Larrys_Challenge_C++\Movimentador.cpp(19,29): warning C4244: '=': conversion from 'T' to 'T', possible loss of data
          with
          [
              T=float
          ]
          and
          [
              T=int
          ]
C:\Users\Breno Abreu\Downloads\Projeto Larry's Challenge\Larry's Challenge C++\Larrys_Challenge_C++\Larrys_Challenge_C++\Movimentador.cpp(22,103): warning C4244: 'argument': conversion from 'T' to 'T', possible loss of data
          with
          [
              T=float
          ]
          and
          [
              T=int
          ]
C:\Users\Breno Abreu\Downloads\Projeto Larry's Challenge\Larry's Challenge C++\Larrys_Challenge_C++\Larrys_Challenge_C++\Movimentador.cpp(22,90): warning C4244: 'argument': conversion from 'T' to 'T', possible loss of data
          with
          [
              T=float
          ]
          and
          [
              T=int
          ]
  ParedeLevadica.cpp
C:\Users\Breno Abreu\Downloads\Projeto Larry's Challenge\Larry's Challenge C++\Larrys_Challenge_C++\Larrys_Challenge_C++\ParedeLevadica.cpp(40,39): warning C4244: '=': conversion from 'T' to 'T', possible loss of data
          with
          [
              T=float
          ]
          and
          [
              T=int
          ]
C:\Users\Breno Abreu\Downloads\Projeto Larry's Challenge\Larry's Challenge C++\Larrys_Challenge_C++\Larrys_Challenge_C++\ParedeLevadica.cpp(48,103): warning C4244: 'argument': conversion from 'T' to 'T', possible loss of data
          with
          [
              T=float
          ]
          and
          [
              T=int
          ]
C:\Users\Breno Abreu\Downloads\Projeto Larry's Challenge\Larry's Challenge C++\Larrys_Challenge_C++\Larrys_Challenge_C++\ParedeLevadica.cpp(48,90): warning C4244: 'argument': conversion from 'T' to 'T', possible loss of data
          with
          [
              T=float
          ]
          and
          [
              T=int
          ]
  PassagemSecreta.cpp
  Pedra.cpp
  Perseguidor.cpp
C:\Users\Breno Abreu\Downloads\Projeto Larry's Challenge\Larry's Challenge C++\Larrys_Challenge_C++\Larrys_Challenge_C++\Perseguidor.cpp(120,35): warning C4244: '=': conversion from 'T' to 'T', possible loss of data
          with
          [
              T=float
          ]
          and
          [
              T=int
          ]
C:\Users\Breno Abreu\Downloads\Projeto Larry's Challenge\Larry's Challenge C++\Larrys_Challenge_C++\Larrys_Challenge_C++\Perseguidor.cpp(126,38): warning C4244: '=': conversion from 'T' to 'T', possible loss of data
          with
          [
              T=float
          ]
          and
          [
              T=int
          ]
C:\Users\Breno Abreu\Downloads\Projeto Larry's Challenge\Larry's Challenge C++\Larrys_Challenge_C++\Larrys_Challenge_C++\Perseguidor.cpp(137,103): warning C4244: 'argument': conversion from 'T' to 'T', possible loss of data
          with
          [
              T=float
          ]
          and
          [
              T=int
          ]
C:\Users\Breno Abreu\Downloads\Projeto Larry's Challenge\Larry's Challenge C++\Larrys_Challenge_C++\Larrys_Challenge_C++\Perseguidor.cpp(137,90): warning C4244: 'argument': conversion from 'T' to 'T', possible loss of data
          with
          [
              T=float
          ]
          and
          [
              T=int
          ]
  Personagem.cpp
  Porta.cpp
C:\Users\Breno Abreu\Downloads\Projeto Larry's Challenge\Larry's Challenge C++\Larrys_Challenge_C++\Larrys_Challenge_C++\Porta.cpp(31,36): warning C4244: '=': conversion from 'T' to 'T', possible loss of data
          with
          [
              T=float
          ]
          and
          [
              T=int
          ]
C:\Users\Breno Abreu\Downloads\Projeto Larry's Challenge\Larry's Challenge C++\Larrys_Challenge_C++\Larrys_Challenge_C++\Porta.cpp(33,103): warning C4244: 'argument': conversion from 'T' to 'T', possible loss of data
          with
          [
              T=float
          ]
          and
          [
              T=int
          ]
C:\Users\Breno Abreu\Downloads\Projeto Larry's Challenge\Larry's Challenge C++\Larrys_Challenge_C++\Larrys_Challenge_C++\Porta.cpp(33,90): warning C4244: 'argument': conversion from 'T' to 'T', possible loss of data
          with
          [
              T=float
          ]
          and
          [
              T=int
          ]
  Rato.cpp
C:\Users\Breno Abreu\Downloads\Projeto Larry's Challenge\Larry's Challenge C++\Larrys_Challenge_C++\Larrys_Challenge_C++\Rato.cpp(26,30): warning C4244: '=': conversion from 'T' to 'T', possible loss of data
          with
          [
              T=float
          ]
          and
          [
              T=int
          ]
C:\Users\Breno Abreu\Downloads\Projeto Larry's Challenge\Larry's Challenge C++\Larrys_Challenge_C++\Larrys_Challenge_C++\Rato.cpp(30,37): warning C4244: '=': conversion from 'T' to 'T', possible loss of data
          with
          [
              T=float
          ]
          and
          [
              T=int
          ]
C:\Users\Breno Abreu\Downloads\Projeto Larry's Challenge\Larry's Challenge C++\Larrys_Challenge_C++\Larrys_Challenge_C++\Rato.cpp(38,30): warning C4244: '=': conversion from 'T' to 'T', possible loss of data
          with
          [
              T=float
          ]
          and
          [
              T=int
          ]
C:\Users\Breno Abreu\Downloads\Projeto Larry's Challenge\Larry's Challenge C++\Larrys_Challenge_C++\Larrys_Challenge_C++\Rato.cpp(50,34): warning C4244: '=': conversion from 'T' to 'T', possible loss of data
          with
          [
              T=float
          ]
          and
          [
              T=int
          ]
C:\Users\Breno Abreu\Downloads\Projeto Larry's Challenge\Larry's Challenge C++\Larrys_Challenge_C++\Larrys_Challenge_C++\Rato.cpp(52,103): warning C4244: 'argument': conversion from 'T' to 'T', possible loss of data
          with
          [
              T=float
          ]
          and
          [
              T=int
          ]
C:\Users\Breno Abreu\Downloads\Projeto Larry's Challenge\Larry's Challenge C++\Larrys_Challenge_C++\Larrys_Challenge_C++\Rato.cpp(52,90): warning C4244: 'argument': conversion from 'T' to 'T', possible loss of data
          with
          [
              T=float
          ]
          and
          [
              T=int
          ]
  Superficie.cpp
  SuperficieInterativa.cpp
  Tocha.cpp
C:\Users\Breno Abreu\Downloads\Projeto Larry's Challenge\Larry's Challenge C++\Larrys_Challenge_C++\Larrys_Challenge_C++\Tocha.cpp(22,38): warning C4244: '=': conversion from 'T' to 'T', possible loss of data
          with
          [
              T=float
          ]
          and
          [
              T=int
          ]
C:\Users\Breno Abreu\Downloads\Projeto Larry's Challenge\Larry's Challenge C++\Larrys_Challenge_C++\Larrys_Challenge_C++\Tocha.cpp(31,103): warning C4244: 'argument': conversion from 'T' to 'T', possible loss of data
          with
          [
              T=float
          ]
          and
          [
              T=int
          ]
C:\Users\Breno Abreu\Downloads\Projeto Larry's Challenge\Larry's Challenge C++\Larrys_Challenge_C++\Larrys_Challenge_C++\Tocha.cpp(31,90): warning C4244: 'argument': conversion from 'T' to 'T', possible loss of data
          with
          [
              T=float
          ]
          and
          [
              T=int
          ]
  main.cpp
  Generating code
C:\Users\Breno Abreu\Downloads\Projeto Larry's Challenge\Larry's Challenge C++\Larrys_Challenge_C++\Larrys_Challenge_C++\GerenciadorEntidades.cpp(523): warning C4715: 'GerenciadorEntidades::adicionar_entidade': not all control paths return a value
  177 of 2096 functions ( 8.4%) were compiled, the rest were copied from previous compilation.
    0 functions were new in current compilation
    17 functions had inline decision re-evaluated but remain unchanged
  Finished generating code
  Larrys_Challenge_C++.vcxproj -> C:\Users\Breno Abreu\Downloads\Projeto Larry's Challenge\Larry's Challenge C++\Larrys_Challenge_C++\Release\Larrys_Challenge_C++.exe
